* installing *source* package ‘BentoBox’ ...
** using staged installation
** libs
clang++ -mmacosx-version-min=10.13 -std=gnu++14 -I"/Library/Frameworks/R.framework/Resources/include" -DNDEBUG  -I'/Library/Frameworks/R.framework/Versions/4.1/Resources/library/Rcpp/include' -I/usr/local/include   -fPIC  -Wall -g -O2  -c RcppExports.cpp -o RcppExports.o
In file included from RcppExports.cpp:4:
In file included from /Library/Frameworks/R.framework/Versions/4.1/Resources/library/Rcpp/include/Rcpp.h:57:
/Library/Frameworks/R.framework/Versions/4.1/Resources/library/Rcpp/include/Rcpp/DataFrame.h:136:18: warning: unused variable 'data' [-Wunused-variable]
            SEXP data = Parent::get__();
                 ^
1 warning generated.
clang++ -mmacosx-version-min=10.13 -std=gnu++14 -I"/Library/Frameworks/R.framework/Resources/include" -DNDEBUG  -I'/Library/Frameworks/R.framework/Versions/4.1/Resources/library/Rcpp/include' -I/usr/local/include   -fPIC  -Wall -g -O2  -c checkRow.cpp -o checkRow.o
In file included from checkRow.cpp:1:
In file included from /Library/Frameworks/R.framework/Versions/4.1/Resources/library/Rcpp/include/Rcpp.h:57:
/Library/Frameworks/R.framework/Versions/4.1/Resources/library/Rcpp/include/Rcpp/DataFrame.h:136:18: warning: unused variable 'data' [-Wunused-variable]
            SEXP data = Parent::get__();
                 ^
1 warning generated.
clang++ -mmacosx-version-min=10.13 -std=gnu++14 -I"/Library/Frameworks/R.framework/Resources/include" -DNDEBUG  -I'/Library/Frameworks/R.framework/Versions/4.1/Resources/library/Rcpp/include' -I/usr/local/include   -fPIC  -Wall -g -O2  -c readHicBpResolutions.cpp -o readHicBpResolutions.o
In file included from readHicBpResolutions.cpp:3:
In file included from /Library/Frameworks/R.framework/Versions/4.1/Resources/library/Rcpp/include/Rcpp.h:57:
/Library/Frameworks/R.framework/Versions/4.1/Resources/library/Rcpp/include/Rcpp/DataFrame.h:136:18: warning: unused variable 'data' [-Wunused-variable]
            SEXP data = Parent::get__();
                 ^
1 warning generated.
clang++ -mmacosx-version-min=10.13 -std=gnu++14 -I"/Library/Frameworks/R.framework/Resources/include" -DNDEBUG  -I'/Library/Frameworks/R.framework/Versions/4.1/Resources/library/Rcpp/include' -I/usr/local/include   -fPIC  -Wall -g -O2  -c rebinBigwig.cpp -o rebinBigwig.o
In file included from rebinBigwig.cpp:2:
In file included from /Library/Frameworks/R.framework/Versions/4.1/Resources/library/Rcpp/include/Rcpp.h:57:
/Library/Frameworks/R.framework/Versions/4.1/Resources/library/Rcpp/include/Rcpp/DataFrame.h:136:18: warning: unused variable 'data' [-Wunused-variable]
            SEXP data = Parent::get__();
                 ^
1 warning generated.
clang++ -mmacosx-version-min=10.13 -std=gnu++14 -dynamiclib -Wl,-headerpad_max_install_names -undefined dynamic_lookup -single_module -multiply_defined suppress -L/Library/Frameworks/R.framework/Resources/lib -L/usr/local/lib -o BentoBox.so RcppExports.o checkRow.o readHicBpResolutions.o rebinBigwig.o -F/Library/Frameworks/R.framework/.. -framework R -Wl,-framework -Wl,CoreFoundation
installing to /Users/nicolekramer/Phanstiel Lab Dropbox/Nicole Kramer/BentoBox/development/BentoBox/BentoBox.Rcheck/00LOCK-BentoBox/00new/BentoBox/libs
** R
** data
** inst
** byte-compile and prepare package for lazy loading
** help
*** installing help indices
*** copying figures
** building package indices
** installing vignettes
** testing if installed package can be loaded from temporary location
** checking absolute paths in shared objects and dynamic libraries
** testing if installed package can be loaded from final location
** testing if installed package keeps a record of temporary installation path
* DONE (BentoBox)
